Assuming unrestricted shared filesystem usage.
host: dario
Building DAG of jobs...
Provided cores: 1 (use --cores to define parallelism)
Rules claiming more threads will be scaled down.
Job stats:
job              count
-------------  -------
consume_kafka        1
total                1

Select jobs to execute...
Execute 1 jobs...
[Sat Jan  3 21:07:51 2026]
localrule consume_kafka:
    output: data/sightings.done
    jobid: 0
    reason: Missing output files: data/sightings.done
    resources: tmpdir=C:\Users\Dario\AppData\Local\Temp
RuleException:
CalledProcessError in file "C:\Users\Dario\source\repos\PAOLA\dionis\Snakefile", line 16:
Command 'python scripts/consume_kafka.py && touch data/sightings.done' returned non-zero exit status 1.
[Sat Jan  3 21:07:58 2026]
Error in rule consume_kafka:
    message: None
    jobid: 0
    output: data/sightings.done
    shell:
        python scripts/consume_kafka.py && touch data/sightings.done
        (command exited with non-zero exit code)
Shutting down, this might take some time.
Exiting because a job execution failed. Look below for error messages
[Sat Jan  3 21:07:58 2026]
Error in rule consume_kafka:
    message: None
    jobid: 0
    output: data/sightings.done
    shell:
        python scripts/consume_kafka.py && touch data/sightings.done
        (command exited with non-zero exit code)
Complete log(s): C:\Users\Dario\source\repos\PAOLA\dionis\.snakemake\log\2026-01-03T210751.160721.snakemake.log
WorkflowError:
At least one job did not complete successfully.
