Assuming unrestricted shared filesystem usage.
host: dario
Building DAG of jobs...
Provided cores: 1 (use --cores to define parallelism)
Rules claiming more threads will be scaled down.
Job stats:
job                 count
----------------  -------
audio_processing        1
total                   1

Select jobs to execute...
Execute 1 jobs...
[Sat Jan  3 21:09:27 2026]
localrule audio_processing:
    output: data/audio.done
    jobid: 0
    reason: Missing output files: data/audio.done
    resources: tmpdir=C:\Users\Dario\AppData\Local\Temp
[Sat Jan  3 21:09:30 2026]
Finished jobid: 0 (Rule: audio_processing)
1 of 1 steps (100%) done
Complete log(s): C:\Users\Dario\source\repos\PAOLA\dionis\.snakemake\log\2026-01-03T210927.340871.snakemake.log
