Assuming unrestricted shared filesystem usage.
host: dario
Building DAG of jobs...
Traceback (most recent call last):

  File "C:\Users\Dario\AppData\Local\Programs\Python\Python312\Lib\site-packages\snakemake\cli.py", line 2193, in args_to_api
    dag_api.execute_workflow(

  File "C:\Users\Dario\AppData\Local\Programs\Python\Python312\Lib\site-packages\snakemake\api.py", line 634, in execute_workflow
    workflow.execute(

  File "C:\Users\Dario\AppData\Local\Programs\Python\Python312\Lib\site-packages\snakemake\workflow.py", line 1277, in execute
    self._build_dag()

  File "C:\Users\Dario\AppData\Local\Programs\Python\Python312\Lib\site-packages\snakemake\workflow.py", line 1220, in _build_dag
    async_run(self.dag.init())

  File "C:\Users\Dario\AppData\Local\Programs\Python\Python312\Lib\site-packages\snakemake\common\__init__.py", line 104, in async_run
    return asyncio.run(coroutine)
           ^^^^^^^^^^^^^^^^^^^^^^

  File "C:\Users\Dario\AppData\Local\Programs\Python\Python312\Lib\asyncio\runners.py", line 195, in run
    return runner.run(main)
           ^^^^^^^^^^^^^^^^

  File "C:\Users\Dario\AppData\Local\Programs\Python\Python312\Lib\asyncio\runners.py", line 118, in run
    return self._loop.run_until_complete(task)
           ^^^^^^^^^^^^^^^^^^^^^^^^^^^^^^^^^^^

  File "C:\Users\Dario\AppData\Local\Programs\Python\Python312\Lib\asyncio\base_events.py", line 691, in run_until_complete
    return future.result()
           ^^^^^^^^^^^^^^^

  File "C:\Users\Dario\AppData\Local\Programs\Python\Python312\Lib\site-packages\snakemake\dag.py", line 246, in init
    await self.file2jobs(file),
    ^^^^^^^^^^^^^^^^^^^^^^^^^^

  File "C:\Users\Dario\AppData\Local\Programs\Python\Python312\Lib\site-packages\snakemake\dag.py", line 2609, in file2jobs
    raise MissingRuleException(targetfile)
          ^^^^^^^^^^^^^^^^^^^^^^^^^^^^^^^^

  File "C:\Users\Dario\AppData\Local\Programs\Python\Python312\Lib\site-packages\snakemake\exceptions.py", line 423, in __init__
    f"No rule to produce {fmt_iofile(file)} (if you use input "
                          ^^^^^^^^^^^^^^^^

  File "C:\Users\Dario\AppData\Local\Programs\Python\Python312\Lib\site-packages\snakemake\io\fmt.py", line 8, in fmt_iofile
    if f.is_storage:
       ^^^^^^^^^^^^

AttributeError: 'str' object has no attribute 'is_storage'

